<?xml version="1.0" encoding="UTF-8"?>
<testsuite name="ru.stqa.pft.addressbook.GroupCreationTests" tests="1" skipped="0" failures="0" errors="0" timestamp="2020-09-30T11:51:58" hostname="MacBook-Pro-2.local" time="2.614">
  <properties/>
  <testcase name="testAddressbook" classname="ru.stqa.pft.addressbook.GroupCreationTests" time="2.614"/>
  <system-out><![CDATA[]]></system-out>
  <system-err><![CDATA[SLF4J: Failed to load class "org.slf4j.impl.StaticLoggerBinder".
SLF4J: Defaulting to no-operation (NOP) logger implementation
SLF4J: See http://www.slf4j.org/codes.html#StaticLoggerBinder for further details.
1601466713511	geckodriver	INFO	Listening on 127.0.0.1:46222
1601466714162	mozrunner::runner	INFO	Running command: "/Applications/Firefox.app/Contents/MacOS/firefox-bin" "--marionette" "-foreground" "-no-remote" "-profile" "/var/folders/vt/dysbbbz91z7bp2_ndvymsspc0000gn/T/rust_mozprofilei3ZD4t"
console.error: SearchCache: "_readCacheFile: Error reading cache file:" (new Error("", "(unknown module)"))
1601466718360	Marionette	INFO	Listening on port 53793
1601466718440	Marionette	WARN	TLS certificate errors will be ignored for this session
сен 30, 2020 2:51:58 PM org.openqa.selenium.remote.ProtocolHandshake createSession
INFO: Detected dialect: W3C
]]></system-err>
</testsuite>
